[*] Start scraping news... 2024-05-30 20:30:14.992410
[+] hacker news parsing done...
[+] security_affairs parsing done...
[+] dailysecu parsing done...
[+] boan news parsing done...
[+] ahnlab asec parsing done...
[+] theori blog vuln parsing done...
[+] theori blog web2 parsing done...
[+] theori blog web3 parsing done...
[+] mandiant blog parsing done...
[+] s2w blog parsing done...
[+] akamai blog parsing done...
[+] cloudflare blog parsing done...
[+] sans blog parsing done...
[*] Start scraping news... 2024-05-30 20:36:03.216723
[+] hacker news parsing done...
[+] security_affairs parsing done...
[+] dailysecu parsing done...
[+] boan news parsing done...
[+] ahnlab asec parsing done...
[+] theori blog vuln parsing done...
[+] theori blog web2 parsing done...
[+] theori blog web3 parsing done...
[+] mandiant blog parsing done...
[+] s2w blog parsing done...
[+] akamai blog parsing done...
[+] cloudflare blog parsing done...
[+] sans blog parsing done...
[+] 이메일이 성공적으로 전송되었습니다.
[+] Email sent successfully!
[*] Start scraping news... 2024-05-30 20:44:03.357765
[+] hacker news parsing done...
[+] security_affairs parsing done...
[+] dailysecu parsing done...
[+] boan news parsing done...
[+] ahnlab asec parsing done...
[+] theori blog vuln parsing done...
[+] theori blog web2 parsing done...
[+] theori blog web3 parsing done...
[+] mandiant blog parsing done...
[+] s2w blog parsing done...
[+] akamai blog parsing done...
[+] cloudflare blog parsing done...
[+] sans blog parsing done...
[+] 이메일이 성공적으로 전송되었습니다.
[+] Email sent successfully!
